
> tcu-visualization@1.0.0 dev
> vite --host 127.0.0.1 --port 3000


  [32m[1mVITE[22m v6.4.1[39m  [2mready in [0m[1m1296[22m[2m[0m ms[22m

  [32m➜[39m  [1mLocal[22m:   [36mhttp://127.0.0.1:[1m3000[22m/[39m
[2m4:15:23 PM[22m [36m[1m[vite][22m[39m [90m[2m(client)[22m[39m [32mhmr update [39m[2m/unified-three-pillars.jsx[22m
[2m4:16:17 PM[22m [36m[1m[vite][22m[39m [90m[2m(client)[22m[39m [32mpage reload [39m[2m.artifacts/scale-of-crisis/crisis_cards_row_themed.html[22m
[2m4:16:18 PM[22m [36m[1m[vite][22m[39m [90m[2m(client)[22m[39m [32mpage reload [39m[2mcrisis_cards_row_themed.html[22m
[2m4:46:32 PM[22m [36m[1m[vite][22m[39m [90m[2m(client)[22m[39m [32mhmr update [39m[2m/unified-three-pillars.jsx[22m
[2m4:46:37 PM[22m [36m[1m[vite][22m[39m [90m[2m(client)[22m[39m [32mhmr update [39m[2m/unified-three-pillars.jsx[22m
[2m4:46:42 PM[22m [36m[1m[vite][22m[39m [90m[2m(client)[22m[39m [32mhmr update [39m[2m/unified-three-pillars.jsx[22m
[2m5:16:38 PM[22m [36m[1m[vite][22m[39m [90m[2m(client)[22m[39m [32mhmr update [39m[2m/unified-three-pillars.jsx[22m
[2m5:16:45 PM[22m [36m[1m[vite][22m[39m [90m[2m(client)[22m[39m [32mhmr update [39m[2m/unified-three-pillars.jsx[22m
[2m5:16:51 PM[22m [36m[1m[vite][22m[39m [90m[2m(client)[22m[39m [32mhmr update [39m[2m/unified-three-pillars.jsx[22m
[2m5:23:37 PM[22m [36m[1m[vite][22m[39m [90m[2m(client)[22m[39m [32mhmr update [39m[2m/unified-three-pillars.jsx[22m
[2m5:23:44 PM[22m [36m[1m[vite][22m[39m [90m[2m(client)[22m[39m [32mhmr update [39m[2m/unified-three-pillars.jsx[22m
[2m5:23:50 PM[22m [36m[1m[vite][22m[39m [90m[2m(client)[22m[39m [32mhmr update [39m[2m/unified-three-pillars.jsx[22m
[2m5:34:51 PM[22m [36m[1m[vite][22m[39m [90m[2m(client)[22m[39m [32mhmr update [39m[2m/unified-three-pillars.jsx[22m
[2m5:34:55 PM[22m [36m[1m[vite][22m[39m [90m[2m(client)[22m[39m [32mhmr update [39m[2m/unified-three-pillars.jsx[22m
[2m5:35:02 PM[22m [36m[1m[vite][22m[39m [90m[2m(client)[22m[39m [32mhmr update [39m[2m/unified-three-pillars.jsx[22m
[2m5:54:43 PM[22m [36m[1m[vite][22m[39m [90m[2m(client)[22m[39m [32mhmr update [39m[2m/unified-three-pillars.jsx[22m
[2m5:54:50 PM[22m [36m[1m[vite][22m[39m [90m[2m(client)[22m[39m [32mhmr update [39m[2m/unified-three-pillars.jsx[22m
[2m5:55:13 PM[22m [36m[1m[vite][22m[39m [90m[2m(client)[22m[39m [32mhmr update [39m[2m/unified-three-pillars.jsx[22m
[2m5:55:19 PM[22m [36m[1m[vite][22m[39m [90m[2m(client)[22m[39m [32mhmr update [39m[2m/unified-three-pillars.jsx[22m
[2m5:55:29 PM[22m [36m[1m[vite][22m[39m [90m[2m(client)[22m[39m [32mhmr update [39m[2m/unified-three-pillars.jsx[22m
[2m5:55:35 PM[22m [36m[1m[vite][22m[39m [90m[2m(client)[22m[39m [32mhmr update [39m[2m/unified-three-pillars.jsx[22m
[2m5:55:40 PM[22m [36m[1m[vite][22m[39m [90m[2m(client)[22m[39m [32mhmr update [39m[2m/unified-three-pillars.jsx[22m
[2m5:55:54 PM[22m [36m[1m[vite][22m[39m [90m[2m(client)[22m[39m [32mhmr update [39m[2m/unified-three-pillars.jsx[22m
[2m5:57:43 PM[22m [36m[1m[vite][22m[39m [90m[2m(client)[22m[39m [32mhmr update [39m[2m/unified-three-pillars.jsx[22m
[2m6:08:41 PM[22m [36m[1m[vite][22m[39m [90m[2m(client)[22m[39m [32mhmr update [39m[2m/unified-three-pillars.jsx[22m
[2m6:08:49 PM[22m [36m[1m[vite][22m[39m [90m[2m(client)[22m[39m [32mhmr update [39m[2m/unified-three-pillars.jsx[22m
[2m6:08:56 PM[22m [36m[1m[vite][22m[39m [90m[2m(client)[22m[39m [32mhmr update [39m[2m/unified-three-pillars.jsx[22m
[2m6:09:02 PM[22m [36m[1m[vite][22m[39m [90m[2m(client)[22m[39m [32mhmr update [39m[2m/unified-three-pillars.jsx[22m
[2m6:22:58 PM[22m [36m[1m[vite][22m[39m [90m[2m(client)[22m[39m [32mhmr update [39m[2m/unified-three-pillars.jsx[22m
[2m6:23:03 PM[22m [36m[1m[vite][22m[39m [90m[2m(client)[22m[39m [32mhmr update [39m[2m/unified-three-pillars.jsx[22m
[2m6:23:14 PM[22m [36m[1m[vite][22m[39m [90m[2m(client)[22m[39m [32mhmr update [39m[2m/unified-three-pillars.jsx[22m
[2m6:23:20 PM[22m [36m[1m[vite][22m[39m [90m[2m(client)[22m[39m [32mhmr update [39m[2m/unified-three-pillars.jsx[22m
[2m6:23:26 PM[22m [36m[1m[vite][22m[39m [90m[2m(client)[22m[39m [32mhmr update [39m[2m/unified-three-pillars.jsx[22m
[2m6:23:32 PM[22m [36m[1m[vite][22m[39m [90m[2m(client)[22m[39m [32mhmr update [39m[2m/unified-three-pillars.jsx[22m
[2m6:32:32 PM[22m [36m[1m[vite][22m[39m [90m[2m(client)[22m[39m [32mhmr update [39m[2m/unified-three-pillars.jsx[22m
[2m6:32:38 PM[22m [36m[1m[vite][22m[39m [90m[2m(client)[22m[39m [32mhmr update [39m[2m/unified-three-pillars.jsx[22m
[2m6:32:45 PM[22m [36m[1m[vite][22m[39m [90m[2m(client)[22m[39m [32mhmr update [39m[2m/unified-three-pillars.jsx[22m
[2m6:32:52 PM[22m [36m[1m[vite][22m[39m [90m[2m(client)[22m[39m [32mhmr update [39m[2m/unified-three-pillars.jsx[22m
[2m6:34:46 PM[22m [36m[1m[vite][22m[39m [90m[2m(client)[22m[39m [32mhmr update [39m[2m/unified-three-pillars.jsx[22m
[2m6:34:50 PM[22m [36m[1m[vite][22m[39m [90m[2m(client)[22m[39m [32mhmr update [39m[2m/unified-three-pillars.jsx[22m
[2m6:43:36 PM[22m [36m[1m[vite][22m[39m [90m[2m(client)[22m[39m [32mhmr update [39m[2m/unified-three-pillars.jsx[22m
[2m6:43:42 PM[22m [36m[1m[vite][22m[39m [90m[2m(client)[22m[39m [32mhmr update [39m[2m/unified-three-pillars.jsx[22m
[2m6:47:37 PM[22m [36m[1m[vite][22m[39m [90m[2m(client)[22m[39m [32mhmr update [39m[2m/unified-three-pillars.jsx[22m
[2m6:47:45 PM[22m [36m[1m[vite][22m[39m [90m[2m(client)[22m[39m [32mhmr update [39m[2m/unified-three-pillars.jsx[22m
[2m6:47:50 PM[22m [36m[1m[vite][22m[39m [90m[2m(client)[22m[39m [32mhmr update [39m[2m/unified-three-pillars.jsx[22m
[2m6:47:57 PM[22m [36m[1m[vite][22m[39m [90m[2m(client)[22m[39m [32mhmr update [39m[2m/unified-three-pillars.jsx[22m
[2m7:33:52 PM[22m [36m[1m[vite][22m[39m [90m[2m(client)[22m[39m [32mhmr update [39m[2m/pillar1-carbon-pools.jsx[22m
[2m7:33:59 PM[22m [36m[1m[vite][22m[39m [90m[2m(client)[22m[39m [32mhmr update [39m[2m/pillar1-carbon-pools.jsx[22m
[2m7:34:09 PM[22m [36m[1m[vite][22m[39m [90m[2m(client)[22m[39m [32mhmr update [39m[2m/pillar1-carbon-pools.jsx[22m
[2m7:34:25 PM[22m [36m[1m[vite][22m[39m [90m[2m(client)[22m[39m [32mhmr update [39m[2m/pillar1-carbon-pools.jsx[22m
[2m7:34:33 PM[22m [36m[1m[vite][22m[39m [90m[2m(client)[22m[39m [32mhmr update [39m[2m/pillar1-carbon-pools.jsx[22m
[2m7:59:01 PM[22m [36m[1m[vite][22m[39m [90m[2m(client)[22m[39m [32mhmr update [39m[2m/pillar1-carbon-pools.jsx[22m
[2m8:04:52 PM[22m [36m[1m[vite][22m[39m [90m[2m(client)[22m[39m [32mhmr update [39m[2m/pillar1-carbon-pools.jsx[22m
[2m8:10:23 PM[22m [36m[1m[vite][22m[39m [90m[2m(client)[22m[39m [32mhmr update [39m[2m/pillar3-water-security.jsx[22m
[2m8:16:16 PM[22m [36m[1m[vite][22m[39m [90m[2m(client)[22m[39m [32mhmr update [39m[2m/pillar2-economics.jsx[22m
[2m8:16:38 PM[22m [36m[1m[vite][22m[39m [90m[2m(client)[22m[39m [32mhmr update [39m[2m/pillar1-carbon-pools.jsx[22m
[2m8:16:46 PM[22m [36m[1m[vite][22m[39m [90m[2m(client)[22m[39m [32mhmr update [39m[2m/pillar2-economics.jsx[22m
[2m8:17:04 PM[22m [36m[1m[vite][22m[39m [90m[2m(client)[22m[39m [32mhmr update [39m[2m/pillar2-economics.jsx[22m
[2m8:17:20 PM[22m [36m[1m[vite][22m[39m [90m[2m(client)[22m[39m [32mhmr update [39m[2m/pillar3-water-security.jsx[22m
[2m8:23:17 PM[22m [36m[1m[vite][22m[39m [90m[2m(client)[22m[39m [32mhmr update [39m[2m/pillar2-economics.jsx[22m
[2m8:25:30 PM[22m [36m[1m[vite][22m[39m [90m[2m(client)[22m[39m [32mhmr update [39m[2m/pillar2-economics.jsx[22m
[2m8:28:03 PM[22m [36m[1m[vite][22m[39m [90m[2m(client)[22m[39m [32mhmr update [39m[2m/pillar2-economics.jsx[22m
[2m8:28:16 PM[22m [36m[1m[vite][22m[39m [90m[2m(client)[22m[39m [32mhmr update [39m[2m/pillar2-economics.jsx[22m
[2m12:42:13 PM[22m [36m[1m[vite][22m[39m [90m[2m(client)[22m[39m [32mhmr update [39m[2m/src/App.jsx[22m
